###############################################################################
#
# IAR C/C++ Compiler V9.30.3.3983 for 8051                25/Apr/2017  12:03:26
# Copyright 2004-2016 IAR Systems AB.
# Standalone license - IAR Embedded Workbench for 8051
#
#    Core               =  plain
#    Code model         =  banked
#    Data model         =  large
#    Calling convention =  xdata reentrant
#    Constant location  =  data_rom
#    Dptr setup         =  1,16
#                          
#    Source file        =  
#        C:\Texas
#        Instruments\ZStack-CC2530-2.4.0-1.4.0\Components\hal\target\CC2530EB\hal_dma.c
#    Command line       =  
#        -f "C:\Texas
#        Instruments\ZStack-CC2530-2.4.0-1.4.0\Projects\zstack\Samples\NetworkTopology-Star\CC2530DB\..\..\..\Tools\CC2530DB\f8wEndev.cfg"
#        (-DCPU32MHZ -DROOT=__near_func -DMAC_CFG_TX_DATA_MAX=3
#        -DMAC_CFG_TX_MAX=6 -DMAC_CFG_RX_MAX=3) -f "C:\Texas
#        Instruments\ZStack-CC2530-2.4.0-1.4.0\Projects\zstack\Samples\NetworkTopology-Star\CC2530DB\..\..\..\Tools\CC2530DB\f8wConfig-top.cfg"
#        (-DSECURE=0 -DZG_SECURE_DYNAMIC=0 -DREFLECTOR
#        -DDEFAULT_CHANLIST=0x00000800 -DZDAPP_CONFIG_PAN_ID=0x2100
#        -DNWK_START_DELAY=100 -DEXTENDED_JOINING_RANDOM_MASK=0x007F
#        -DBEACON_REQUEST_DELAY=100 -DBEACON_REQ_DELAY_MASK=0x00FF
#        -DLINK_STATUS_JITTER_MASK=0x007F -DROUTE_EXPIRY_TIME=30
#        -DAPSC_ACK_WAIT_DURATION_POLLED=3000 -DNWK_INDIRECT_MSG_TIMEOUT=7
#        -DMAX_RREQ_ENTRIES=8 -DAPSC_MAX_FRAME_RETRIES=3
#        -DNWK_MAX_DATA_RETRIES=2 -DMAX_POLL_FAILURE_RETRIES=2 -DMAX_BCAST=9
#        -DAPS_MAX_GROUPS=16 -DMAX_RTG_ENTRIES=40 -DNWK_MAX_BINDING_ENTRIES=4
#        -DMAX_BINDING_CLUSTER_IDS=4 "-DDEFAULT_KEY={0x01, 0x03, 0x05, 0x07,
#        0x09, 0x0B, 0x0D, 0x0F, 0x00, 0x02, 0x04, 0x06, 0x08, 0x0A, 0x0C,
#        0x0D}" -DMAC_MAX_FRAME_SIZE=116 -DZDNWKMGR_MIN_TRANSMISSIONS=20
#        "-DCONST=const __code" -DGENERIC=__generic -DRFD_RCVC_ALWAYS_ON=TRUE
#        -DPOLL_RATE=1000 -DQUEUED_POLL_RATE=100 -DRESPONSE_POLL_RATE=100)
#        -DREJOIN_POLL_RATE=440 "C:\Texas
#        Instruments\ZStack-CC2530-2.4.0-1.4.0\Components\hal\target\CC2530EB\hal_dma.c"
#        -D NWK_AUTO_POLL -D HOLD_AUTO_START -D REFLECTOR -D xPOWER_SAVING -D
#        NV_INIT -D xNV_RESTORE -D xZTOOL_P1 -D xMT_TASK -D xMT_SYS_FUNC -D
#        xMT_SAPI_FUNC -D xMT_SAPI_CB_FUNC -D STARTEST -D LCD_USE -lC "C:\Texas
#        Instruments\ZStack-CC2530-2.4.0-1.4.0\Projects\zstack\Samples\NetworkTopology-Star\CC2530DB\MPEndPoint\List"
#        -lA "C:\Texas
#        Instruments\ZStack-CC2530-2.4.0-1.4.0\Projects\zstack\Samples\NetworkTopology-Star\CC2530DB\MPEndPoint\List"
#        --diag_suppress Pe001,Pa010 -o "C:\Texas
#        Instruments\ZStack-CC2530-2.4.0-1.4.0\Projects\zstack\Samples\NetworkTopology-Star\CC2530DB\MPEndPoint\Obj"
#        -e --no_code_motion --debug --core=plain --dptr=16,1
#        --data_model=large --code_model=banked
#        --calling_convention=xdata_reentrant --place_constants=data_rom
#        --nr_virtual_regs 8 -I "C:\Texas
#        Instruments\ZStack-CC2530-2.4.0-1.4.0\Projects\zstack\Samples\NetworkTopology-Star\CC2530DB\"
#        -I "C:\Texas
#        Instruments\ZStack-CC2530-2.4.0-1.4.0\Projects\zstack\Samples\NetworkTopology-Star\CC2530DB\..\Source\"
#        -I "C:\Texas
#        Instruments\ZStack-CC2530-2.4.0-1.4.0\Projects\zstack\Samples\NetworkTopology-Star\CC2530DB\..\..\..\ZMain\TI2530DB\"
#        -I "C:\Texas
#        Instruments\ZStack-CC2530-2.4.0-1.4.0\Projects\zstack\Samples\NetworkTopology-Star\CC2530DB\..\..\..\..\..\Components\hal\include\"
#        -I "C:\Texas
#        Instruments\ZStack-CC2530-2.4.0-1.4.0\Projects\zstack\Samples\NetworkTopology-Star\CC2530DB\..\..\..\..\..\Components\hal\target\CC2530EB\"
#        -I "C:\Texas
#        Instruments\ZStack-CC2530-2.4.0-1.4.0\Projects\zstack\Samples\NetworkTopology-Star\CC2530DB\..\..\..\..\..\Components\mac\include\"
#        -I "C:\Texas
#        Instruments\ZStack-CC2530-2.4.0-1.4.0\Projects\zstack\Samples\NetworkTopology-Star\CC2530DB\..\..\..\..\..\Components\mac\high_level\"
#        -I "C:\Texas
#        Instruments\ZStack-CC2530-2.4.0-1.4.0\Projects\zstack\Samples\NetworkTopology-Star\CC2530DB\..\..\..\..\..\Components\mac\low_level\srf04\"
#        -I "C:\Texas
#        Instruments\ZStack-CC2530-2.4.0-1.4.0\Projects\zstack\Samples\NetworkTopology-Star\CC2530DB\..\..\..\..\..\Components\mac\low_level\srf04\single_chip\"
#        -I "C:\Texas
#        Instruments\ZStack-CC2530-2.4.0-1.4.0\Projects\zstack\Samples\NetworkTopology-Star\CC2530DB\..\..\..\..\..\Components\mt\"
#        -I "C:\Texas
#        Instruments\ZStack-CC2530-2.4.0-1.4.0\Projects\zstack\Samples\NetworkTopology-Star\CC2530DB\..\..\..\..\..\Components\osal\include\"
#        -I "C:\Texas
#        Instruments\ZStack-CC2530-2.4.0-1.4.0\Projects\zstack\Samples\NetworkTopology-Star\CC2530DB\..\..\..\..\..\Components\osal\mcu\ccsoc\"
#        -I "C:\Texas
#        Instruments\ZStack-CC2530-2.4.0-1.4.0\Projects\zstack\Samples\NetworkTopology-Star\CC2530DB\..\..\..\..\..\Components\services\saddr\"
#        -I "C:\Texas
#        Instruments\ZStack-CC2530-2.4.0-1.4.0\Projects\zstack\Samples\NetworkTopology-Star\CC2530DB\..\..\..\..\..\Components\services\sdata\"
#        -I "C:\Texas
#        Instruments\ZStack-CC2530-2.4.0-1.4.0\Projects\zstack\Samples\NetworkTopology-Star\CC2530DB\..\..\..\..\..\Components\stack\af\"
#        -I "C:\Texas
#        Instruments\ZStack-CC2530-2.4.0-1.4.0\Projects\zstack\Samples\NetworkTopology-Star\CC2530DB\..\..\..\..\..\Components\stack\nwk\"
#        -I "C:\Texas
#        Instruments\ZStack-CC2530-2.4.0-1.4.0\Projects\zstack\Samples\NetworkTopology-Star\CC2530DB\..\..\..\..\..\Components\stack\sapi\"
#        -I "C:\Texas
#        Instruments\ZStack-CC2530-2.4.0-1.4.0\Projects\zstack\Samples\NetworkTopology-Star\CC2530DB\..\..\..\..\..\Components\stack\sec\"
#        -I "C:\Texas
#        Instruments\ZStack-CC2530-2.4.0-1.4.0\Projects\zstack\Samples\NetworkTopology-Star\CC2530DB\..\..\..\..\..\Components\stack\sys\"
#        -I "C:\Texas
#        Instruments\ZStack-CC2530-2.4.0-1.4.0\Projects\zstack\Samples\NetworkTopology-Star\CC2530DB\..\..\..\..\..\Components\stack\zdo\"
#        -I "C:\Texas
#        Instruments\ZStack-CC2530-2.4.0-1.4.0\Projects\zstack\Samples\NetworkTopology-Star\CC2530DB\..\..\..\..\..\Components\zmac\"
#        -I "C:\Texas
#        Instruments\ZStack-CC2530-2.4.0-1.4.0\Projects\zstack\Samples\NetworkTopology-Star\CC2530DB\..\..\..\..\..\Components\zmac\f8w\"
#        -Ohz
#    List file          =  
#        C:\Texas
#        Instruments\ZStack-CC2530-2.4.0-1.4.0\Projects\zstack\Samples\NetworkTopology-Star\CC2530DB\MPEndPoint\List\hal_dma.lst
#    Object file        =  
#        C:\Texas
#        Instruments\ZStack-CC2530-2.4.0-1.4.0\Projects\zstack\Samples\NetworkTopology-Star\CC2530DB\MPEndPoint\Obj\hal_dma.r51
#
###############################################################################

C:\Texas Instruments\ZStack-CC2530-2.4.0-1.4.0\Components\hal\target\CC2530EB\hal_dma.c
      1          /**************************************************************************************************
      2            Filename:       hal_dma.c
      3            Revised:        $Date: 2010-07-21 16:20:44 -0700 (Wed, 21 Jul 2010) $
      4            Revision:       $Revision: 23090 $
      5          
      6            Description:    This file contains the interface to the DMA.
      7          
      8          
      9            Copyright 2007-2010 Texas Instruments Incorporated. All rights reserved.
     10          
     11            IMPORTANT: Your use of this Software is limited to those specific rights
     12            granted under the terms of a software license agreement between the user
     13            who downloaded the software, his/her employer (which must be your employer)
     14            and Texas Instruments Incorporated (the "License").  You may not use this
     15            Software unless you agree to abide by the terms of the License. The License
     16            limits your use, and you acknowledge, that the Software may not be modified,
     17            copied or distributed unless embedded on a Texas Instruments microcontroller
     18            or used solely and exclusively in conjunction with a Texas Instruments radio
     19            frequency transceiver, which is integrated into your product.  Other than for
     20            the foregoing purpose, you may not use, reproduce, copy, prepare derivative
     21            works of, modify, distribute, perform, display or sell this Software and/or
     22            its documentation for any purpose.
     23          
     24            YOU FURTHER ACKNOWLEDGE AND AGREE THAT THE SOFTWARE AND DOCUMENTATION ARE
     25            PROVIDED “AS IS” WITHOUT WARRANTY OF ANY KIND, EITHER EXPRESS OR IMPLIED, 
     26            INCLUDING WITHOUT LIMITATION, ANY WARRANTY OF MERCHANTABILITY, TITLE, 
     27            NON-INFRINGEMENT AND FITNESS FOR A PARTICULAR PURPOSE. IN NO EVENT SHALL
     28            TEXAS INSTRUMENTS OR ITS LICENSORS BE LIABLE OR OBLIGATED UNDER CONTRACT,
     29            NEGLIGENCE, STRICT LIABILITY, CONTRIBUTION, BREACH OF WARRANTY, OR OTHER
     30            LEGAL EQUITABLE THEORY ANY DIRECT OR INDIRECT DAMAGES OR EXPENSES
     31            INCLUDING BUT NOT LIMITED TO ANY INCIDENTAL, SPECIAL, INDIRECT, PUNITIVE
     32            OR CONSEQUENTIAL DAMAGES, LOST PROFITS OR LOST DATA, COST OF PROCUREMENT
     33            OF SUBSTITUTE GOODS, TECHNOLOGY, SERVICES, OR ANY CLAIMS BY THIRD PARTIES
     34            (INCLUDING BUT NOT LIMITED TO ANY DEFENSE THEREOF), OR OTHER SIMILAR COSTS.
     35          
     36            Should you have any questions regarding your right to use this Software,
     37            contact Texas Instruments Incorporated at www.TI.com. 
     38          **************************************************************************************************/
     39          
     40          /*********************************************************************
     41           * INCLUDES
     42           */
     43          
     44          #include "hal_types.h"
     45          #include "hal_defs.h"
     46          #include "hal_dma.h"

   \                                 In  segment SFR_AN, at 0xd2
   \   unsigned char volatile __sfr DMA1CFGL
   \                     DMA1CFGL:
   \   000000                DS 1

   \                                 In  segment SFR_AN, at 0xd3
   \   unsigned char volatile __sfr DMA1CFGH
   \                     DMA1CFGH:
   \   000000                DS 1

   \                                 In  segment SFR_AN, at 0xd4
   \   unsigned char volatile __sfr DMA0CFGL
   \                     DMA0CFGL:
   \   000000                DS 1

   \                                 In  segment SFR_AN, at 0xd5
   \   unsigned char volatile __sfr DMA0CFGH
   \                     DMA0CFGH:
   \   000000                DS 1
     47          #include "hal_mcu.h"
     48          #include "hal_uart.h"
     49          
     50          #if (defined HAL_IRGEN) && (HAL_IRGEN == TRUE)
     51          #include "hal_irgen.h"
     52          #endif
     53          
     54          #if (defined HAL_SPI) && (HAL_SPI == TRUE)
     55          #include "hal_spi.h"
     56          #endif
     57          
     58          
     59          #if ((defined HAL_DMA) && (HAL_DMA == TRUE))
     60          
     61          /*********************************************************************
     62           * MACROS
     63           */
     64          
     65          /*********************************************************************
     66           * CONSTANTS
     67           */
     68          
     69          /*********************************************************************
     70           * TYPEDEFS
     71           */
     72          
     73          /*********************************************************************
     74           * GLOBAL VARIABLES
     75           */
     76          

   \                                 In  segment XDATA_Z, align 1, keep-with-next
     77          halDMADesc_t dmaCh0;
   \                     dmaCh0:
   \   000000                DS 8
   \   000008                REQUIRE __INIT_XDATA_Z

   \                                 In  segment XDATA_Z, align 1, keep-with-next
     78          halDMADesc_t dmaCh1234[4];
   \                     dmaCh1234:
   \   000000                DS 32
   \   000020                REQUIRE __INIT_XDATA_Z
     79          
     80          /*********************************************************************
     81           * GLOBAL FUNCTIONS
     82           */
     83          
     84          /*********************************************************************
     85           * LOCAL VARIABLES
     86           */
     87          
     88          /*********************************************************************
     89           * LOCAL FUNCTIONS
     90           */
     91          
     92          /******************************************************************************
     93           * @fn      HalDMAInit
     94           *
     95           * @brief   DMA Interrupt Service Routine
     96           *
     97           * @param   None
     98           *
     99           * @return  None
    100           *****************************************************************************/

   \                                 In  segment BANKED_CODE, align 1, keep-with-next
    101          void HalDmaInit( void )
   \                     HalDmaInit:
    102          {
   \   000000                ; Saved register size: 0
   \   000000                ; Auto size: 0
    103            HAL_DMA_SET_ADDR_DESC0( &dmaCh0 );
                   ^
Warning[Pe069]: integer conversion resulted in truncation
   \   000000   74..         MOV     A,#(dmaCh0 >> 8) & 0xff
   \   000002   F5D5         MOV     0xd5,A
   \   000004   75D4..       MOV     0xd4,#dmaCh0 & 0xff
    104            HAL_DMA_SET_ADDR_DESC1234( dmaCh1234 );
                   ^
Warning[Pe069]: integer conversion resulted in truncation
   \   000007   74..         MOV     A,#(dmaCh1234 >> 8) & 0xff
   \   000009   F5D3         MOV     0xd3,A
   \   00000B   75D2..       MOV     0xd2,#dmaCh1234 & 0xff
    105          #if (HAL_UART_DMA || \
    106             ((defined HAL_SPI) && (HAL_SPI == TRUE))  || \
    107             ((defined HAL_IRGEN) && (HAL_IRGEN == TRUE)))
    108            DMAIE = 1;
    109          #endif
    110          }
   \   00000E   02....       LJMP    ?BRET
   \   000011                REQUIRE DMA0CFGH
   \   000011                REQUIRE DMA0CFGL
   \   000011                REQUIRE DMA1CFGH
   \   000011                REQUIRE DMA1CFGL

   \                                 In  segment BANK_RELAYS, align 1
   \                     `??HalDmaInit::?relay`:
   \   000000   12....       LCALL   ?BDISPATCH
   \   000003   ......       DC24    HalDmaInit
    111          
    112          #if (HAL_UART_DMA || \
    113             ((defined HAL_SPI) && (HAL_SPI == TRUE))  || \
    114             ((defined HAL_IRGEN) && (HAL_IRGEN == TRUE)))
    115          /******************************************************************************
    116           * @fn      HalDMAInit
    117           *
    118           * @brief   DMA Interrupt Service Routine
    119           *
    120           * @param   None
    121           *
    122           * @return  None
    123           *****************************************************************************/
    124          HAL_ISR_FUNCTION( halDmaIsr, DMA_VECTOR )
    125          {
    126            extern void HalUARTIsrDMA(void);
    127          
    128            HAL_ENTER_ISR();
    129          
    130            DMAIF = 0;
    131          
    132          #if HAL_UART_DMA
    133            if (HAL_DMA_CHECK_IRQ(HAL_DMA_CH_TX))
    134            {
    135              HalUARTIsrDMA();
    136            }
    137          #endif // HAL_UART_DMA
    138          
    139          #if (defined HAL_SPI) && (HAL_SPI == TRUE)
    140            if ( HAL_DMA_CHECK_IRQ( HAL_DMA_CH_RX ) )
    141            {
    142              HAL_DMA_CLEAR_IRQ( HAL_DMA_CH_RX );
    143              HalSpiRxIsr();
    144            }
    145          
    146            if ( HAL_DMA_CHECK_IRQ( HAL_DMA_CH_TX ) )
    147            {
    148              HAL_DMA_CLEAR_IRQ( HAL_DMA_CH_TX );
    149              HalSpiTxIsr();
    150            }
    151          #endif // (defined HAL_SPI) && (HAL_SPI == TRUE)
    152          
    153          #if (defined HAL_IRGEN) && (HAL_IRGEN == TRUE)
    154            if ( HAL_IRGEN == TRUE && HAL_DMA_CHECK_IRQ( HAL_IRGEN_DMA_CH ) )
    155            {
    156              HAL_DMA_CLEAR_IRQ( HAL_IRGEN_DMA_CH );
    157              HalIrGenDmaIsr();
    158            }
    159          #endif // (defined HAL_IRGEN) && (HAL_IRGEN == TRUE)
    160          
    161            CLEAR_SLEEP_MODE();
    162            HAL_EXIT_ISR();
    163          }
    164          #endif
    165          #endif  // #if ((defined HAL_DMA) && (HAL_DMA == TRUE))
    166          /******************************************************************************
    167          ******************************************************************************/

   Maximum stack usage in bytes:

   ISTACK Function
   ------ --------
      0   HalDmaInit


   Segment part sizes:

   Bytes  Function/Label
   -----  --------------
       1  DMA0CFGH
       1  DMA0CFGL
       1  DMA1CFGH
       1  DMA1CFGL
      17  HalDmaInit
       6  HalDmaInit::?relay
       8  dmaCh0
      32  dmaCh1234

 
 17 bytes in segment BANKED_CODE
  6 bytes in segment BANK_RELAYS
  4 bytes in segment SFR_AN
 40 bytes in segment XDATA_Z
 
  6 bytes of CODE     memory
  0 bytes of DATA     memory (+ 4 bytes shared)
 17 bytes of HUGECODE memory
 40 bytes of XDATA    memory

Errors: none
Warnings: 2
